<?xml version="1.0" encoding="UTF-8"?>
<!-- Generated by org.testng.reporters.JUnitReportReporter -->
<testsuite hostname="Mowlee-Laptop" failures="6" tests="133" name="runner.TestNGRunner" time="119.422" errors="0" timestamp="2023-03-15T19:57:49 EDT" skipped="0">
  <testcase classname="runner.TestNGRunner" name="runScenario" time="0.720"/>
  <system-out/>
  <testcase classname="runner.TestNGRunner" name="runScenario" time="0.317"/>
  <system-out/>
  <testcase classname="runner.TestNGRunner" name="runScenario" time="0.512"/>
  <system-out/>
  <testcase classname="runner.TestNGRunner" name="runScenario" time="0.340"/>
  <system-out/>
  <testcase classname="runner.TestNGRunner" name="runScenario" time="0.423"/>
  <system-out/>
  <testcase classname="runner.TestNGRunner" name="runScenario" time="2.116"/>
  <system-out/>
  <testcase classname="runner.TestNGRunner" name="runScenario" time="0.536"/>
  <system-out/>
  <testcase classname="runner.TestNGRunner" name="runScenario" time="0.329"/>
  <system-out/>
  <testcase classname="runner.TestNGRunner" name="runScenario" time="2.432"/>
  <system-out/>
  <testcase classname="runner.TestNGRunner" name="runScenario" time="2.360"/>
  <system-out/>
  <testcase classname="runner.TestNGRunner" name="runScenario" time="0.025"/>
  <system-out/>
  <testcase classname="runner.TestNGRunner" name="runScenario" time="0.673"/>
  <system-out/>
  <testcase classname="runner.TestNGRunner" name="runScenario" time="0.687"/>
  <system-out/>
  <testcase classname="runner.TestNGRunner" name="runScenario" time="0.801"/>
  <system-out/>
  <testcase classname="runner.TestNGRunner" name="runScenario" time="0.675"/>
  <system-out/>
  <testcase classname="runner.TestNGRunner" name="runScenario" time="0.826"/>
  <system-out/>
  <testcase classname="runner.TestNGRunner" name="runScenario" time="0.359"/>
  <system-out/>
  <testcase classname="runner.TestNGRunner" name="runScenario" time="0.380"/>
  <system-out/>
  <testcase classname="runner.TestNGRunner" name="runScenario" time="0.521"/>
  <system-out/>
  <testcase classname="runner.TestNGRunner" name="runScenario" time="2.417"/>
  <system-out/>
  <testcase classname="runner.TestNGRunner" name="runScenario" time="1.111">
    <failure message="expected:&lt;[password_mismatch:The two password fields didn’t match.]&gt; but was:&lt;[Password can’t be commonly used password]&gt;" type="org.junit.ComparisonFailure">
      <![CDATA[org.junit.ComparisonFailure: expected:<[password_mismatch:The two password fields didn’t match.]> but was:<[Password can’t be commonly used password]>
at org.junit.Assert.assertEquals(Assert.java:117)
at org.junit.Assert.assertEquals(Assert.java:146)
at com.dsalgo.pageobjects.RegistrationPage.errormessagevalidation(RegistrationPage.java:81)
at StepdefinitionHomepage.Registration_Stepdef.it_should_display_an_error_message(Registration_Stepdef.java:114)
at ✽.It should display an error message "Password can’t be commonly used password"(file:///C:/Users/User/eclipse-workspace/Ninja_Conqueror_DS_Algo_Project/src/test/resources/features/2_Registration.feature:99)
]]>
    </failure>
  </testcase> <!-- runScenario -->
  <system-out/>
  <testcase classname="runner.TestNGRunner" name="runScenario" time="1.879"/>
  <system-out/>
  <testcase classname="runner.TestNGRunner" name="runScenario" time="0.669"/>
  <system-out/>
  <testcase classname="runner.TestNGRunner" name="runScenario" time="2.988"/>
  <system-out/>
  <testcase classname="runner.TestNGRunner" name="runScenario" time="1.965"/>
  <system-out/>
  <testcase classname="runner.TestNGRunner" name="runScenario" time="0.893"/>
  <system-out/>
  <testcase classname="runner.TestNGRunner" name="runScenario" time="0.493"/>
  <system-out/>
  <testcase classname="runner.TestNGRunner" name="runScenario" time="0.855"/>
  <system-out/>
  <testcase classname="runner.TestNGRunner" name="runScenario" time="1.004"/>
  <system-out/>
  <testcase classname="runner.TestNGRunner" name="runScenario" time="0.821"/>
  <system-out/>
  <testcase classname="runner.TestNGRunner" name="runScenario" time="0.339"/>
  <system-out/>
  <testcase classname="runner.TestNGRunner" name="runScenario" time="0.813"/>
  <system-out/>
  <testcase classname="runner.TestNGRunner" name="runScenario" time="0.649"/>
  <system-out/>
  <testcase classname="runner.TestNGRunner" name="runScenario" time="1.965"/>
  <system-out/>
  <testcase classname="runner.TestNGRunner" name="runScenario" time="0.394"/>
  <system-out/>
  <testcase classname="runner.TestNGRunner" name="runScenario" time="2.393"/>
  <system-out/>
  <testcase classname="runner.TestNGRunner" name="runScenario" time="0.514"/>
  <system-out/>
  <testcase classname="runner.TestNGRunner" name="runScenario" time="0.513"/>
  <system-out/>
  <testcase classname="runner.TestNGRunner" name="runScenario" time="0.339"/>
  <system-out/>
  <testcase classname="runner.TestNGRunner" name="runScenario" time="0.654"/>
  <system-out/>
  <testcase classname="runner.TestNGRunner" name="runScenario" time="1.155">
    <failure message="expected:&lt;[password_mismatch:The two password fields didn’t match.]&gt; but was:&lt;[Username already exists]&gt;" type="org.junit.ComparisonFailure">
      <![CDATA[org.junit.ComparisonFailure: expected:<[password_mismatch:The two password fields didn’t match.]> but was:<[Username already exists]>
at org.junit.Assert.assertEquals(Assert.java:117)
at org.junit.Assert.assertEquals(Assert.java:146)
at com.dsalgo.pageobjects.RegistrationPage.errormessagevalidation(RegistrationPage.java:81)
at StepdefinitionHomepage.Registration_Stepdef.it_should_display_an_error_message(Registration_Stepdef.java:114)
at ✽.It should display an error message "Username already exists"(file:///C:/Users/User/eclipse-workspace/Ninja_Conqueror_DS_Algo_Project/src/test/resources/features/2_Registration.feature:59)
]]>
    </failure>
  </testcase> <!-- runScenario -->
  <system-out/>
  <testcase classname="runner.TestNGRunner" name="runScenario" time="0.952"/>
  <system-out/>
  <testcase classname="runner.TestNGRunner" name="runScenario" time="2.470"/>
  <system-out/>
  <testcase classname="runner.TestNGRunner" name="runScenario" time="0.315"/>
  <system-out/>
  <testcase classname="runner.TestNGRunner" name="runScenario" time="0.637"/>
  <system-out/>
  <testcase classname="runner.TestNGRunner" name="runScenario" time="0.486"/>
  <system-out/>
  <testcase classname="runner.TestNGRunner" name="runScenario" time="0.331"/>
  <system-out/>
  <testcase classname="runner.TestNGRunner" name="runScenario" time="0.439"/>
  <system-out/>
  <testcase classname="runner.TestNGRunner" name="runScenario" time="2.225"/>
  <system-out/>
  <testcase classname="runner.TestNGRunner" name="runScenario" time="0.362"/>
  <system-out/>
  <testcase classname="runner.TestNGRunner" name="runScenario" time="0.515"/>
  <system-out/>
  <testcase classname="runner.TestNGRunner" name="runScenario" time="0.458"/>
  <system-out/>
  <testcase classname="runner.TestNGRunner" name="runScenario" time="0.353"/>
  <system-out/>
  <testcase classname="runner.TestNGRunner" name="runScenario" time="0.401"/>
  <system-out/>
  <testcase classname="runner.TestNGRunner" name="runScenario" time="0.830"/>
  <system-out/>
  <testcase classname="runner.TestNGRunner" name="runScenario" time="2.676"/>
  <system-out/>
  <testcase classname="runner.TestNGRunner" name="runScenario" time="0.471"/>
  <system-out/>
  <testcase classname="runner.TestNGRunner" name="runScenario" time="1.161">
    <failure message="expected:&lt;[password_mismatch:The two password fields didn’t match].&gt; but was:&lt;[Password can’t be entirely numeric].&gt;" type="org.junit.ComparisonFailure">
      <![CDATA[org.junit.ComparisonFailure: expected:<[password_mismatch:The two password fields didn’t match].> but was:<[Password can’t be entirely numeric].>
at org.junit.Assert.assertEquals(Assert.java:117)
at org.junit.Assert.assertEquals(Assert.java:146)
at com.dsalgo.pageobjects.RegistrationPage.errormessagevalidation(RegistrationPage.java:81)
at StepdefinitionHomepage.Registration_Stepdef.it_should_display_an_error_message(Registration_Stepdef.java:114)
at ✽.It should display an error message "Password can’t be entirely numeric."(file:///C:/Users/User/eclipse-workspace/Ninja_Conqueror_DS_Algo_Project/src/test/resources/features/2_Registration.feature:83)
]]>
    </failure>
  </testcase> <!-- runScenario -->
  <system-out/>
  <testcase classname="runner.TestNGRunner" name="runScenario" time="0.373"/>
  <system-out/>
  <testcase classname="runner.TestNGRunner" name="runScenario" time="0.684"/>
  <system-out/>
  <testcase classname="runner.TestNGRunner" name="runScenario" time="0.491"/>
  <system-out/>
  <testcase classname="runner.TestNGRunner" name="runScenario" time="0.832"/>
  <system-out/>
  <testcase classname="runner.TestNGRunner" name="runScenario" time="0.435"/>
  <system-out/>
  <testcase classname="runner.TestNGRunner" name="runScenario" time="0.409"/>
  <system-out/>
  <testcase classname="runner.TestNGRunner" name="runScenario" time="0.709"/>
  <system-out/>
  <testcase classname="runner.TestNGRunner" name="runScenario" time="0.474"/>
  <system-out/>
  <testcase classname="runner.TestNGRunner" name="runScenario" time="0.442"/>
  <system-out/>
  <testcase classname="runner.TestNGRunner" name="runScenario" time="0.457"/>
  <system-out/>
  <testcase classname="runner.TestNGRunner" name="runScenario" time="0.853"/>
  <system-out/>
  <testcase classname="runner.TestNGRunner" name="runScenario" time="0.452"/>
  <system-out/>
  <testcase classname="runner.TestNGRunner" name="runScenario" time="0.343"/>
  <system-out/>
  <testcase classname="runner.TestNGRunner" name="runScenario" time="0.867"/>
  <system-out/>
  <testcase classname="runner.TestNGRunner" name="runScenario" time="0.347"/>
  <system-out/>
  <testcase classname="runner.TestNGRunner" name="runScenario" time="0.428"/>
  <system-out/>
  <testcase classname="runner.TestNGRunner" name="runScenario" time="0.442"/>
  <system-out/>
  <testcase classname="runner.TestNGRunner" name="runScenario" time="0.323"/>
  <system-out/>
  <testcase classname="runner.TestNGRunner" name="runScenario" time="1.624"/>
  <system-out/>
  <testcase classname="runner.TestNGRunner" name="runScenario" time="2.163"/>
  <system-out/>
  <testcase classname="runner.TestNGRunner" name="runScenario" time="0.488"/>
  <system-out/>
  <testcase classname="runner.TestNGRunner" name="runScenario" time="0.459"/>
  <system-out/>
  <testcase classname="runner.TestNGRunner" name="runScenario" time="2.081"/>
  <system-out/>
  <testcase classname="runner.TestNGRunner" name="runScenario" time="5.357"/>
  <system-out/>
  <testcase classname="runner.TestNGRunner" name="runScenario" time="1.335"/>
  <system-out/>
  <testcase classname="runner.TestNGRunner" name="runScenario" time="0.381"/>
  <system-out/>
  <testcase classname="runner.TestNGRunner" name="runScenario" time="0.977"/>
  <system-out/>
  <testcase classname="runner.TestNGRunner" name="runScenario" time="0.336"/>
  <system-out/>
  <testcase classname="runner.TestNGRunner" name="runScenario" time="0.911"/>
  <system-out/>
  <testcase classname="runner.TestNGRunner" name="runScenario" time="0.705"/>
  <system-out/>
  <testcase classname="runner.TestNGRunner" name="runScenario" time="0.847"/>
  <system-out/>
  <testcase classname="runner.TestNGRunner" name="runScenario" time="0.700"/>
  <system-out/>
  <testcase classname="runner.TestNGRunner" name="runScenario" time="0.485"/>
  <system-out/>
  <testcase classname="runner.TestNGRunner" name="runScenario" time="0.447"/>
  <system-out/>
  <testcase classname="runner.TestNGRunner" name="runScenario" time="0.462"/>
  <system-out/>
  <testcase classname="runner.TestNGRunner" name="runScenario" time="1.904"/>
  <system-out/>
  <testcase classname="runner.TestNGRunner" name="runScenario" time="0.677"/>
  <system-out/>
  <testcase classname="runner.TestNGRunner" name="runScenario" time="0.435"/>
  <system-out/>
  <testcase classname="runner.TestNGRunner" name="runScenario" time="2.191"/>
  <system-out/>
  <testcase classname="runner.TestNGRunner" name="runScenario" time="0.647"/>
  <system-out/>
  <testcase classname="runner.TestNGRunner" name="runScenario" time="0.477"/>
  <system-out/>
  <testcase classname="runner.TestNGRunner" name="runScenario" time="0.450"/>
  <system-out/>
  <testcase classname="runner.TestNGRunner" name="runScenario" time="2.127"/>
  <system-out/>
  <testcase classname="runner.TestNGRunner" name="runScenario" time="0.365"/>
  <system-out/>
  <testcase classname="runner.TestNGRunner" name="runScenario" time="1.447"/>
  <system-out/>
  <testcase classname="runner.TestNGRunner" name="runScenario" time="0.377"/>
  <system-out/>
  <testcase classname="runner.TestNGRunner" name="runScenario" time="0.315"/>
  <system-out/>
  <testcase classname="runner.TestNGRunner" name="runScenario" time="0.418"/>
  <system-out/>
  <testcase classname="runner.TestNGRunner" name="runScenario" time="0.836"/>
  <system-out/>
  <testcase classname="runner.TestNGRunner" name="runScenario" time="2.604"/>
  <system-out/>
  <testcase classname="runner.TestNGRunner" name="runScenario" time="0.452"/>
  <system-out/>
  <testcase classname="runner.TestNGRunner" name="runScenario" time="0.411"/>
  <system-out/>
  <testcase classname="runner.TestNGRunner" name="runScenario" time="0.866"/>
  <system-out/>
  <testcase classname="runner.TestNGRunner" name="runScenario" time="0.663"/>
  <system-out/>
  <testcase classname="runner.TestNGRunner" name="runScenario" time="0.696"/>
  <system-out/>
  <testcase classname="runner.TestNGRunner" name="runScenario" time="0.475"/>
  <system-out/>
  <testcase classname="runner.TestNGRunner" name="runScenario" time="0.910"/>
  <system-out/>
  <testcase classname="runner.TestNGRunner" name="runScenario" time="0.903"/>
  <system-out/>
  <testcase classname="runner.TestNGRunner" name="runScenario" time="1.266">
    <failure message="expected:&lt;[password_mismatch:The two password fields didn’t match.]&gt; but was:&lt;[Please enter a valid username]&gt;" type="org.junit.ComparisonFailure">
      <![CDATA[org.junit.ComparisonFailure: expected:<[password_mismatch:The two password fields didn’t match.]> but was:<[Please enter a valid username]>
at org.junit.Assert.assertEquals(Assert.java:117)
at org.junit.Assert.assertEquals(Assert.java:146)
at com.dsalgo.pageobjects.RegistrationPage.errormessagevalidation(RegistrationPage.java:81)
at StepdefinitionHomepage.Registration_Stepdef.it_should_display_an_error_message(Registration_Stepdef.java:114)
at ✽.It should display an error message "Please enter a valid username"(file:///C:/Users/User/eclipse-workspace/Ninja_Conqueror_DS_Algo_Project/src/test/resources/features/2_Registration.feature:51)
]]>
    </failure>
  </testcase> <!-- runScenario -->
  <system-out/>
  <testcase classname="runner.TestNGRunner" name="runScenario" time="1.060">
    <failure message="expected:&lt;[password_mismatch:The two password fields didn’t match.]&gt; but was:&lt;[Password should contain at least 8 characters]&gt;" type="org.junit.ComparisonFailure">
      <![CDATA[org.junit.ComparisonFailure: expected:<[password_mismatch:The two password fields didn’t match.]> but was:<[Password should contain at least 8 characters]>
at org.junit.Assert.assertEquals(Assert.java:117)
at org.junit.Assert.assertEquals(Assert.java:146)
at com.dsalgo.pageobjects.RegistrationPage.errormessagevalidation(RegistrationPage.java:81)
at StepdefinitionHomepage.Registration_Stepdef.it_should_display_an_error_message(Registration_Stepdef.java:114)
at ✽.It should display an error message "Password should contain at least 8 characters"(file:///C:/Users/User/eclipse-workspace/Ninja_Conqueror_DS_Algo_Project/src/test/resources/features/2_Registration.feature:75)
]]>
    </failure>
  </testcase> <!-- runScenario -->
  <system-out/>
  <testcase classname="runner.TestNGRunner" name="runScenario" time="2.410"/>
  <system-out/>
  <testcase classname="runner.TestNGRunner" name="runScenario" time="0.731"/>
  <system-out/>
  <testcase classname="runner.TestNGRunner" name="runScenario" time="0.789"/>
  <system-out/>
  <testcase classname="runner.TestNGRunner" name="runScenario" time="1.108">
    <failure message="expected:&lt;password[_mismatch:The two password fields didn’t match].&gt; but was:&lt;password[ can’t be too similar to your other personal information].&gt;" type="org.junit.ComparisonFailure">
      <![CDATA[org.junit.ComparisonFailure: expected:<password[_mismatch:The two password fields didn’t match].> but was:<password[ can’t be too similar to your other personal information].>
at org.junit.Assert.assertEquals(Assert.java:117)
at org.junit.Assert.assertEquals(Assert.java:146)
at com.dsalgo.pageobjects.RegistrationPage.errormessagevalidation(RegistrationPage.java:81)
at StepdefinitionHomepage.Registration_Stepdef.it_should_display_an_error_message(Registration_Stepdef.java:114)
at ✽.It should display an error message "password can’t be too similar to your other personal information."(file:///C:/Users/User/eclipse-workspace/Ninja_Conqueror_DS_Algo_Project/src/test/resources/features/2_Registration.feature:91)
]]>
    </failure>
  </testcase> <!-- runScenario -->
  <system-out/>
  <testcase classname="runner.TestNGRunner" name="runScenario" time="0.316"/>
  <system-out/>
  <testcase classname="runner.TestNGRunner" name="runScenario" time="0.351"/>
  <system-out/>
  <testcase classname="runner.TestNGRunner" name="runScenario" time="0.324"/>
  <system-out/>
  <testcase classname="runner.TestNGRunner" name="runScenario" time="0.371"/>
  <system-out/>
  <testcase classname="runner.TestNGRunner" name="runScenario" time="0.900"/>
  <system-out/>
  <testcase classname="runner.TestNGRunner" name="runScenario" time="0.836"/>
  <system-out/>
  <testcase classname="runner.TestNGRunner" name="runScenario" time="0.434"/>
  <system-out/>
  <testcase classname="runner.TestNGRunner" name="runScenario" time="0.443"/>
  <system-out/>
  <testcase classname="runner.TestNGRunner" name="runScenario" time="0.559"/>
  <system-out/>
  <testcase classname="runner.TestNGRunner" name="runScenario" time="0.688"/>
  <system-out/>
  <testcase classname="runner.TestNGRunner" name="runScenario" time="2.134"/>
  <system-out/>
</testsuite> <!-- runner.TestNGRunner -->
